{
  "stats": {
    "suites": 1,
    "tests": 5,
    "passes": 4,
    "pending": 2,
    "failures": -1,
    "start": "2022-06-17T06:31:58.895Z",
    "end": "2022-06-17T06:32:28.205Z",
    "duration": 29310,
    "testsRegistered": 6,
    "passPercent": 100,
    "pendingPercent": 33.33333333333333,
    "other": 1,
    "hasOther": true,
    "skipped": 0,
    "hasSkipped": false
  },
  "results": [
    {
      "uuid": "01e61b05-bd87-4676-9994-3ad2cdde2577",
      "title": "",
      "fullFile": "cypress/e2e/apps/web-app/login_tests.cy.js",
      "file": "cypress/e2e/apps/web-app/login_tests.cy.js",
      "beforeHooks": [],
      "afterHooks": [],
      "tests": [],
      "suites": [
        {
          "uuid": "04abee9a-f0fe-42bd-bb3e-0d33bcb3a3db",
          "title": "Login Page test cases",
          "fullFile": "",
          "file": "",
          "beforeHooks": [],
          "afterHooks": [],
          "tests": [
            {
              "title": "BetterVet login - Negative",
              "fullTitle": "Login Page test cases BetterVet login - Negative",
              "timedOut": null,
              "duration": 14149,
              "state": "passed",
              "speed": "slow",
              "pass": true,
              "fail": false,
              "pending": false,
              "context": null,
              "code": "cy.log(\"SIGN UP PAGE\");\n(0, _sign_up_page.GoToLoginPage)();\ncy.log(\"LOGIN PAGE\");\n(0, _login_page.NegativeBetterVetLoginProcess)(data.user, data.password, data.expectedError);",
              "err": {},
              "uuid": "395cb870-5945-4694-aabc-5cc02e39a0f1",
              "parentUUID": "04abee9a-f0fe-42bd-bb3e-0d33bcb3a3db",
              "isHook": false,
              "skipped": false
            },
            {
              "title": "BetterVet login - Negative",
              "fullTitle": "Login Page test cases BetterVet login - Negative",
              "timedOut": null,
              "duration": 4155,
              "state": "passed",
              "speed": "fast",
              "pass": true,
              "fail": false,
              "pending": false,
              "context": null,
              "code": "cy.log(\"SIGN UP PAGE\");\n(0, _sign_up_page.GoToLoginPage)();\ncy.log(\"LOGIN PAGE\");\n(0, _login_page.NegativeBetterVetLoginProcess)(data.user, data.password, data.expectedError);",
              "err": {},
              "uuid": "0d682532-edd9-4ad5-9906-b1edfcd80552",
              "parentUUID": "04abee9a-f0fe-42bd-bb3e-0d33bcb3a3db",
              "isHook": false,
              "skipped": false
            },
            {
              "title": "BetterVet login - Negative",
              "fullTitle": "Login Page test cases BetterVet login - Negative",
              "timedOut": null,
              "duration": 3763,
              "state": "passed",
              "speed": "fast",
              "pass": true,
              "fail": false,
              "pending": false,
              "context": null,
              "code": "cy.log(\"SIGN UP PAGE\");\n(0, _sign_up_page.GoToLoginPage)();\ncy.log(\"LOGIN PAGE\");\n(0, _login_page.NegativeBetterVetLoginProcess)(data.user, data.password, data.expectedError);",
              "err": {},
              "uuid": "0dbb72eb-86d1-497b-b60a-8c492e32e5a5",
              "parentUUID": "04abee9a-f0fe-42bd-bb3e-0d33bcb3a3db",
              "isHook": false,
              "skipped": false
            },
            {
              "title": "BetterVet login - Positive",
              "fullTitle": "Login Page test cases BetterVet login - Positive",
              "timedOut": null,
              "duration": 6250,
              "state": "passed",
              "speed": "medium",
              "pass": true,
              "fail": false,
              "pending": false,
              "context": null,
              "code": "cy.log(\"SIGN UP PAGE\");\n(0, _sign_up_page.GoToLoginPage)();\ncy.log(\"LOGIN PAGE\");\n(0, _login_page.BetterVetLoginProcess)();\ncy.log(\"HOME PAGE\");\n(0, _home_page.HomePageTextValidations)();",
              "err": {},
              "uuid": "cc7650fb-7076-4146-880d-a82ef8ff9a0f",
              "parentUUID": "04abee9a-f0fe-42bd-bb3e-0d33bcb3a3db",
              "isHook": false,
              "skipped": false
            },
            {
              "title": "Command login",
              "fullTitle": "Login Page test cases Command login",
              "timedOut": null,
              "duration": 0,
              "state": "pending",
              "speed": null,
              "pass": false,
              "fail": false,
              "pending": true,
              "context": null,
              "code": "",
              "err": {},
              "uuid": "fcac56b5-55a6-4813-8a58-19f678cb4ccb",
              "parentUUID": "04abee9a-f0fe-42bd-bb3e-0d33bcb3a3db",
              "isHook": false,
              "skipped": false
            },
            {
              "title": "Google login - Positive",
              "fullTitle": "Login Page test cases Google login - Positive",
              "timedOut": null,
              "duration": 0,
              "state": "pending",
              "speed": null,
              "pass": false,
              "fail": false,
              "pending": true,
              "context": null,
              "code": "",
              "err": {},
              "uuid": "4b51195d-35d7-48da-a659-13baf4e03319",
              "parentUUID": "04abee9a-f0fe-42bd-bb3e-0d33bcb3a3db",
              "isHook": false,
              "skipped": false
            }
          ],
          "suites": [],
          "passes": [
            "395cb870-5945-4694-aabc-5cc02e39a0f1",
            "0d682532-edd9-4ad5-9906-b1edfcd80552",
            "0dbb72eb-86d1-497b-b60a-8c492e32e5a5",
            "cc7650fb-7076-4146-880d-a82ef8ff9a0f"
          ],
          "failures": [],
          "pending": [
            "fcac56b5-55a6-4813-8a58-19f678cb4ccb",
            "4b51195d-35d7-48da-a659-13baf4e03319"
          ],
          "skipped": [],
          "duration": 28317,
          "root": false,
          "rootEmpty": false,
          "_timeout": 2000
        }
      ],
      "passes": [],
      "failures": [],
      "pending": [],
      "skipped": [],
      "duration": 0,
      "root": true,
      "rootEmpty": true,
      "_timeout": 2000
    }
  ],
  "meta": {
    "mocha": {
      "version": "7.0.1"
    },
    "mochawesome": {
      "options": {
        "quiet": false,
        "reportFilename": "mochawesome",
        "saveHtml": true,
        "saveJson": true,
        "consoleReporter": "spec",
        "useInlineDiffs": false,
        "code": true
      },
      "version": "7.1.3"
    },
    "marge": {
      "options": {
        "id": "default",
        "reportDir": "cypress/reports/mocha",
        "charts": true,
        "reportPageTitle": "custom-title",
        "json": true,
        "html": true,
        "reportFileName": "report",
        "overwrite": false
      },
      "version": "6.2.0"
    }
  }
}