{
  "stats": {
    "suites": 1,
    "tests": 5,
    "passes": 4,
    "pending": 2,
    "failures": -1,
    "start": "2022-06-17T06:39:09.707Z",
    "end": "2022-06-17T06:39:40.923Z",
    "duration": 31216,
    "testsRegistered": 6,
    "passPercent": 100,
    "pendingPercent": 33.33333333333333,
    "other": 1,
    "hasOther": true,
    "skipped": 0,
    "hasSkipped": false
  },
  "results": [
    {
      "uuid": "c962bc7b-5e75-4deb-8160-de0b2b1c9123",
      "title": "",
      "fullFile": "cypress/e2e/apps/web-app/login_tests.cy.js",
      "file": "cypress/e2e/apps/web-app/login_tests.cy.js",
      "beforeHooks": [],
      "afterHooks": [],
      "tests": [],
      "suites": [
        {
          "uuid": "df028809-ccf6-4b87-9c0f-e1cb3632f15b",
          "title": "Login Page test cases",
          "fullFile": "",
          "file": "",
          "beforeHooks": [],
          "afterHooks": [],
          "tests": [
            {
              "title": "BetterVet login - Negative",
              "fullTitle": "Login Page test cases BetterVet login - Negative",
              "timedOut": null,
              "duration": 14389,
              "state": "passed",
              "speed": "slow",
              "pass": true,
              "fail": false,
              "pending": false,
              "context": null,
              "code": "cy.log(\"SIGN UP PAGE\");\n(0, _sign_up_page.GoToLoginPage)();\ncy.log(\"LOGIN PAGE\");\n(0, _login_page.NegativeBetterVetLoginProcess)(data.user, data.password, data.expectedError);",
              "err": {},
              "uuid": "de4b318f-ca21-4fa6-adc9-d6186c128485",
              "parentUUID": "df028809-ccf6-4b87-9c0f-e1cb3632f15b",
              "isHook": false,
              "skipped": false
            },
            {
              "title": "BetterVet login - Negative",
              "fullTitle": "Login Page test cases BetterVet login - Negative",
              "timedOut": null,
              "duration": 4958,
              "state": "passed",
              "speed": "fast",
              "pass": true,
              "fail": false,
              "pending": false,
              "context": null,
              "code": "cy.log(\"SIGN UP PAGE\");\n(0, _sign_up_page.GoToLoginPage)();\ncy.log(\"LOGIN PAGE\");\n(0, _login_page.NegativeBetterVetLoginProcess)(data.user, data.password, data.expectedError);",
              "err": {},
              "uuid": "67892fe1-fe49-44e8-9d06-bdf0ff82fb80",
              "parentUUID": "df028809-ccf6-4b87-9c0f-e1cb3632f15b",
              "isHook": false,
              "skipped": false
            },
            {
              "title": "BetterVet login - Negative",
              "fullTitle": "Login Page test cases BetterVet login - Negative",
              "timedOut": null,
              "duration": 4119,
              "state": "passed",
              "speed": "fast",
              "pass": true,
              "fail": false,
              "pending": false,
              "context": null,
              "code": "cy.log(\"SIGN UP PAGE\");\n(0, _sign_up_page.GoToLoginPage)();\ncy.log(\"LOGIN PAGE\");\n(0, _login_page.NegativeBetterVetLoginProcess)(data.user, data.password, data.expectedError);",
              "err": {},
              "uuid": "94902d9c-2f48-47b5-b042-0c980483fc13",
              "parentUUID": "df028809-ccf6-4b87-9c0f-e1cb3632f15b",
              "isHook": false,
              "skipped": false
            },
            {
              "title": "BetterVet login - Positive",
              "fullTitle": "Login Page test cases BetterVet login - Positive",
              "timedOut": null,
              "duration": 7006,
              "state": "passed",
              "speed": "medium",
              "pass": true,
              "fail": false,
              "pending": false,
              "context": null,
              "code": "cy.log(\"SIGN UP PAGE\");\n(0, _sign_up_page.GoToLoginPage)();\ncy.log(\"LOGIN PAGE\");\n(0, _login_page.BetterVetLoginProcess)();\ncy.log(\"HOME PAGE\");\n(0, _home_page.HomePageTextValidations)();",
              "err": {},
              "uuid": "2b0ffb8c-1010-4f62-83a0-89b5f6f69190",
              "parentUUID": "df028809-ccf6-4b87-9c0f-e1cb3632f15b",
              "isHook": false,
              "skipped": false
            },
            {
              "title": "Command login",
              "fullTitle": "Login Page test cases Command login",
              "timedOut": null,
              "duration": 0,
              "state": "pending",
              "speed": null,
              "pass": false,
              "fail": false,
              "pending": true,
              "context": null,
              "code": "",
              "err": {},
              "uuid": "1f2ac060-ff62-469f-9eb0-f1b9cade6068",
              "parentUUID": "df028809-ccf6-4b87-9c0f-e1cb3632f15b",
              "isHook": false,
              "skipped": false
            },
            {
              "title": "Google login - Positive",
              "fullTitle": "Login Page test cases Google login - Positive",
              "timedOut": null,
              "duration": 0,
              "state": "pending",
              "speed": null,
              "pass": false,
              "fail": false,
              "pending": true,
              "context": null,
              "code": "",
              "err": {},
              "uuid": "d940848b-6ce1-487d-94e2-c14a16fb899e",
              "parentUUID": "df028809-ccf6-4b87-9c0f-e1cb3632f15b",
              "isHook": false,
              "skipped": false
            }
          ],
          "suites": [],
          "passes": [
            "de4b318f-ca21-4fa6-adc9-d6186c128485",
            "67892fe1-fe49-44e8-9d06-bdf0ff82fb80",
            "94902d9c-2f48-47b5-b042-0c980483fc13",
            "2b0ffb8c-1010-4f62-83a0-89b5f6f69190"
          ],
          "failures": [],
          "pending": [
            "1f2ac060-ff62-469f-9eb0-f1b9cade6068",
            "d940848b-6ce1-487d-94e2-c14a16fb899e"
          ],
          "skipped": [],
          "duration": 30472,
          "root": false,
          "rootEmpty": false,
          "_timeout": 2000
        }
      ],
      "passes": [],
      "failures": [],
      "pending": [],
      "skipped": [],
      "duration": 0,
      "root": true,
      "rootEmpty": true,
      "_timeout": 2000
    }
  ],
  "meta": {
    "mocha": {
      "version": "7.0.1"
    },
    "mochawesome": {
      "options": {
        "quiet": false,
        "reportFilename": "mochawesome",
        "saveHtml": true,
        "saveJson": true,
        "consoleReporter": "spec",
        "useInlineDiffs": false,
        "code": true
      },
      "version": "7.1.3"
    },
    "marge": {
      "options": {
        "id": "default",
        "reportDir": "cypress/reports/mocha",
        "charts": true,
        "reportPageTitle": "custom-title",
        "json": true,
        "html": true,
        "reportFileName": "report",
        "overwrite": false
      },
      "version": "6.2.0"
    }
  }
}