{
  "stats": {
    "suites": 1,
    "tests": 5,
    "passes": 4,
    "pending": 2,
    "failures": -1,
    "start": "2022-06-20T03:52:55.276Z",
    "end": "2022-06-20T03:53:31.024Z",
    "duration": 35748,
    "testsRegistered": 6,
    "passPercent": 100,
    "pendingPercent": 33.33333333333333,
    "other": 1,
    "hasOther": true,
    "skipped": 0,
    "hasSkipped": false
  },
  "results": [
    {
      "uuid": "21dec031-c326-48d4-8296-4e913cd48338",
      "title": "",
      "fullFile": "cypress/e2e/apps/web-app/login_tests.cy.js",
      "file": "cypress/e2e/apps/web-app/login_tests.cy.js",
      "beforeHooks": [],
      "afterHooks": [],
      "tests": [],
      "suites": [
        {
          "uuid": "f3ec0888-376b-49b3-be03-c51dd8396f82",
          "title": "Login Page test cases",
          "fullFile": "",
          "file": "",
          "beforeHooks": [],
          "afterHooks": [],
          "tests": [
            {
              "title": "BetterVet login - Negative",
              "fullTitle": "Login Page test cases BetterVet login - Negative",
              "timedOut": null,
              "duration": 16276,
              "state": "passed",
              "speed": "slow",
              "pass": true,
              "fail": false,
              "pending": false,
              "context": null,
              "code": "cy.log(\"SIGN UP PAGE\");\n(0, _sign_up_page.GoToLoginPage)();\ncy.log(\"LOGIN PAGE\");\n(0, _login_page.NegativeBetterVetLoginProcess)(data.user, data.password, data.expectedError);",
              "err": {},
              "uuid": "191b4e1c-3001-4714-8cf2-3816f8ed79a2",
              "parentUUID": "f3ec0888-376b-49b3-be03-c51dd8396f82",
              "isHook": false,
              "skipped": false
            },
            {
              "title": "BetterVet login - Negative",
              "fullTitle": "Login Page test cases BetterVet login - Negative",
              "timedOut": null,
              "duration": 5354,
              "state": "passed",
              "speed": "medium",
              "pass": true,
              "fail": false,
              "pending": false,
              "context": null,
              "code": "cy.log(\"SIGN UP PAGE\");\n(0, _sign_up_page.GoToLoginPage)();\ncy.log(\"LOGIN PAGE\");\n(0, _login_page.NegativeBetterVetLoginProcess)(data.user, data.password, data.expectedError);",
              "err": {},
              "uuid": "b5cdbe2b-f5ce-4148-a08f-3e355b5973c9",
              "parentUUID": "f3ec0888-376b-49b3-be03-c51dd8396f82",
              "isHook": false,
              "skipped": false
            },
            {
              "title": "BetterVet login - Negative",
              "fullTitle": "Login Page test cases BetterVet login - Negative",
              "timedOut": null,
              "duration": 4700,
              "state": "passed",
              "speed": "fast",
              "pass": true,
              "fail": false,
              "pending": false,
              "context": null,
              "code": "cy.log(\"SIGN UP PAGE\");\n(0, _sign_up_page.GoToLoginPage)();\ncy.log(\"LOGIN PAGE\");\n(0, _login_page.NegativeBetterVetLoginProcess)(data.user, data.password, data.expectedError);",
              "err": {},
              "uuid": "dc22c0e8-d674-47c5-8cb6-2055f4456350",
              "parentUUID": "f3ec0888-376b-49b3-be03-c51dd8396f82",
              "isHook": false,
              "skipped": false
            },
            {
              "title": "BetterVet login - Positive",
              "fullTitle": "Login Page test cases BetterVet login - Positive",
              "timedOut": null,
              "duration": 8930,
              "state": "passed",
              "speed": "medium",
              "pass": true,
              "fail": false,
              "pending": false,
              "context": null,
              "code": "cy.log(\"SIGN UP PAGE\");\n(0, _sign_up_page.GoToLoginPage)();\ncy.log(\"LOGIN PAGE\");\n(0, _login_page.BetterVetLoginProcess)();\ncy.log(\"HOME PAGE\");\n(0, _home_page.HomePageTextValidations)();",
              "err": {},
              "uuid": "3206fb27-e73f-44a0-9ff0-ae5985549d2a",
              "parentUUID": "f3ec0888-376b-49b3-be03-c51dd8396f82",
              "isHook": false,
              "skipped": false
            },
            {
              "title": "Command login",
              "fullTitle": "Login Page test cases Command login",
              "timedOut": null,
              "duration": 0,
              "state": "pending",
              "speed": null,
              "pass": false,
              "fail": false,
              "pending": true,
              "context": null,
              "code": "",
              "err": {},
              "uuid": "1895375a-f093-430b-9b43-9d4586a5fe6f",
              "parentUUID": "f3ec0888-376b-49b3-be03-c51dd8396f82",
              "isHook": false,
              "skipped": false
            },
            {
              "title": "Google login - Positive",
              "fullTitle": "Login Page test cases Google login - Positive",
              "timedOut": null,
              "duration": 0,
              "state": "pending",
              "speed": null,
              "pass": false,
              "fail": false,
              "pending": true,
              "context": null,
              "code": "",
              "err": {},
              "uuid": "6da75a1b-05c6-47d8-ba93-49f739a49fd0",
              "parentUUID": "f3ec0888-376b-49b3-be03-c51dd8396f82",
              "isHook": false,
              "skipped": false
            }
          ],
          "suites": [],
          "passes": [
            "191b4e1c-3001-4714-8cf2-3816f8ed79a2",
            "b5cdbe2b-f5ce-4148-a08f-3e355b5973c9",
            "dc22c0e8-d674-47c5-8cb6-2055f4456350",
            "3206fb27-e73f-44a0-9ff0-ae5985549d2a"
          ],
          "failures": [],
          "pending": [
            "1895375a-f093-430b-9b43-9d4586a5fe6f",
            "6da75a1b-05c6-47d8-ba93-49f739a49fd0"
          ],
          "skipped": [],
          "duration": 35260,
          "root": false,
          "rootEmpty": false,
          "_timeout": 2000
        }
      ],
      "passes": [],
      "failures": [],
      "pending": [],
      "skipped": [],
      "duration": 0,
      "root": true,
      "rootEmpty": true,
      "_timeout": 2000
    }
  ],
  "meta": {
    "mocha": {
      "version": "7.0.1"
    },
    "mochawesome": {
      "options": {
        "quiet": false,
        "reportFilename": "mochawesome",
        "saveHtml": true,
        "saveJson": true,
        "consoleReporter": "spec",
        "useInlineDiffs": false,
        "code": true
      },
      "version": "7.1.3"
    },
    "marge": {
      "options": {
        "id": "default",
        "reportDir": "cypress/reports/mocha",
        "charts": true,
        "reportPageTitle": "custom-title",
        "json": true,
        "html": true,
        "reportFileName": "report",
        "overwrite": false
      },
      "version": "6.2.0"
    }
  }
}