{
  "stats": {
    "suites": 1,
    "tests": 1,
    "passes": 1,
    "pending": 0,
    "failures": 0,
    "start": "2022-06-16T04:44:40.942Z",
    "end": "2022-06-16T04:44:47.718Z",
    "duration": 6776,
    "testsRegistered": 1,
    "passPercent": 100,
    "pendingPercent": 0,
    "other": 0,
    "hasOther": false,
    "skipped": 0,
    "hasSkipped": false
  },
  "results": [
    {
      "uuid": "af81d3e6-06f4-4b37-abe5-a99cc8d7663c",
      "title": "",
      "fullFile": "cypress/e2e/apps/web-app/video_call_e2e.cy.js",
      "file": "cypress/e2e/apps/web-app/video_call_e2e.cy.js",
      "beforeHooks": [],
      "afterHooks": [],
      "tests": [],
      "suites": [
        {
          "uuid": "60425582-7096-4a7c-ad49-3dcde8f4359e",
          "title": "E2E Booking - Video Call Appointments",
          "fullFile": "",
          "file": "",
          "beforeHooks": [],
          "afterHooks": [],
          "tests": [
            {
              "title": "Free Video Call",
              "fullTitle": "E2E Booking - Video Call Appointments Free Video Call",
              "timedOut": null,
              "duration": 6382,
              "state": "passed",
              "speed": "medium",
              "pass": true,
              "fail": false,
              "pending": false,
              "context": null,
              "code": "// HomePageTextValidations()",
              "err": {},
              "uuid": "b03df2b3-f2c3-4929-bfc2-8d2b7d459484",
              "parentUUID": "60425582-7096-4a7c-ad49-3dcde8f4359e",
              "isHook": false,
              "skipped": false
            }
          ],
          "suites": [],
          "passes": [
            "b03df2b3-f2c3-4929-bfc2-8d2b7d459484"
          ],
          "failures": [],
          "pending": [],
          "skipped": [],
          "duration": 6382,
          "root": false,
          "rootEmpty": false,
          "_timeout": 2000
        }
      ],
      "passes": [],
      "failures": [],
      "pending": [],
      "skipped": [],
      "duration": 0,
      "root": true,
      "rootEmpty": true,
      "_timeout": 2000
    }
  ],
  "meta": {
    "mocha": {
      "version": "7.0.1"
    },
    "mochawesome": {
      "options": {
        "quiet": false,
        "reportFilename": "mochawesome",
        "saveHtml": true,
        "saveJson": true,
        "consoleReporter": "spec",
        "useInlineDiffs": false,
        "code": true
      },
      "version": "7.1.3"
    },
    "marge": {
      "options": {
        "id": "default",
        "reportDir": "cypress/reports/mocha",
        "charts": true,
        "reportPageTitle": "custom-title",
        "json": true,
        "html": true,
        "reportFileName": "report",
        "overwrite": false
      },
      "version": "6.2.0"
    }
  }
}