{
  "stats": {
    "suites": 1,
    "tests": 5,
    "passes": 4,
    "pending": 2,
    "failures": -1,
    "start": "2022-06-16T05:23:00.388Z",
    "end": "2022-06-16T05:23:33.495Z",
    "duration": 33107,
    "testsRegistered": 6,
    "passPercent": 100,
    "pendingPercent": 33.33333333333333,
    "other": 1,
    "hasOther": true,
    "skipped": 0,
    "hasSkipped": false
  },
  "results": [
    {
      "uuid": "e24ccd0c-19c3-4d3e-ba73-335fe9f92760",
      "title": "",
      "fullFile": "cypress/e2e/apps/web-app/login_tests.cy.js",
      "file": "cypress/e2e/apps/web-app/login_tests.cy.js",
      "beforeHooks": [],
      "afterHooks": [],
      "tests": [],
      "suites": [
        {
          "uuid": "a8b1979e-f832-474d-8e44-80e2bfaf3bcf",
          "title": "Login Page test cases",
          "fullFile": "",
          "file": "",
          "beforeHooks": [],
          "afterHooks": [],
          "tests": [
            {
              "title": "BetterVet login - Negative",
              "fullTitle": "Login Page test cases BetterVet login - Negative",
              "timedOut": null,
              "duration": 15468,
              "state": "passed",
              "speed": "slow",
              "pass": true,
              "fail": false,
              "pending": false,
              "context": null,
              "code": "cy.log(\"SIGN UP PAGE\");\n(0, _sign_up_page.GoToLoginPage)();\ncy.log(\"LOGIN PAGE\");\n(0, _login_page.NegativeBetterVetLoginProcess)(data.user, data.password, data.expectedError);",
              "err": {},
              "uuid": "6b8649be-5371-4e24-9e58-98345ae53d7a",
              "parentUUID": "a8b1979e-f832-474d-8e44-80e2bfaf3bcf",
              "isHook": false,
              "skipped": false
            },
            {
              "title": "BetterVet login - Negative",
              "fullTitle": "Login Page test cases BetterVet login - Negative",
              "timedOut": null,
              "duration": 5179,
              "state": "passed",
              "speed": "medium",
              "pass": true,
              "fail": false,
              "pending": false,
              "context": null,
              "code": "cy.log(\"SIGN UP PAGE\");\n(0, _sign_up_page.GoToLoginPage)();\ncy.log(\"LOGIN PAGE\");\n(0, _login_page.NegativeBetterVetLoginProcess)(data.user, data.password, data.expectedError);",
              "err": {},
              "uuid": "4488b701-3324-4df5-94eb-28cd429c1b17",
              "parentUUID": "a8b1979e-f832-474d-8e44-80e2bfaf3bcf",
              "isHook": false,
              "skipped": false
            },
            {
              "title": "BetterVet login - Negative",
              "fullTitle": "Login Page test cases BetterVet login - Negative",
              "timedOut": null,
              "duration": 4905,
              "state": "passed",
              "speed": "fast",
              "pass": true,
              "fail": false,
              "pending": false,
              "context": null,
              "code": "cy.log(\"SIGN UP PAGE\");\n(0, _sign_up_page.GoToLoginPage)();\ncy.log(\"LOGIN PAGE\");\n(0, _login_page.NegativeBetterVetLoginProcess)(data.user, data.password, data.expectedError);",
              "err": {},
              "uuid": "582bcff5-5070-4f36-8912-a3efc1847d82",
              "parentUUID": "a8b1979e-f832-474d-8e44-80e2bfaf3bcf",
              "isHook": false,
              "skipped": false
            },
            {
              "title": "BetterVet login - Positive",
              "fullTitle": "Login Page test cases BetterVet login - Positive",
              "timedOut": null,
              "duration": 6915,
              "state": "passed",
              "speed": "medium",
              "pass": true,
              "fail": false,
              "pending": false,
              "context": null,
              "code": "cy.log(\"SIGN UP PAGE\");\n(0, _sign_up_page.GoToLoginPage)();\ncy.log(\"LOGIN PAGE\");\n(0, _login_page.BetterVetLoginProcess)();\ncy.log(\"HOME PAGE\");\n(0, _home_page.HomePageTextValidations)();",
              "err": {},
              "uuid": "030fd4c7-c93f-466b-aa90-0b4821d3fab9",
              "parentUUID": "a8b1979e-f832-474d-8e44-80e2bfaf3bcf",
              "isHook": false,
              "skipped": false
            },
            {
              "title": "Command login",
              "fullTitle": "Login Page test cases Command login",
              "timedOut": null,
              "duration": 0,
              "state": "pending",
              "speed": null,
              "pass": false,
              "fail": false,
              "pending": true,
              "context": null,
              "code": "",
              "err": {},
              "uuid": "b6567d81-6e84-4c63-96af-94c491299b57",
              "parentUUID": "a8b1979e-f832-474d-8e44-80e2bfaf3bcf",
              "isHook": false,
              "skipped": false
            },
            {
              "title": "Google login - Positive",
              "fullTitle": "Login Page test cases Google login - Positive",
              "timedOut": null,
              "duration": 0,
              "state": "pending",
              "speed": null,
              "pass": false,
              "fail": false,
              "pending": true,
              "context": null,
              "code": "",
              "err": {},
              "uuid": "5b4d37c2-ad74-4af5-b1a0-2e86055e5a17",
              "parentUUID": "a8b1979e-f832-474d-8e44-80e2bfaf3bcf",
              "isHook": false,
              "skipped": false
            }
          ],
          "suites": [],
          "passes": [
            "6b8649be-5371-4e24-9e58-98345ae53d7a",
            "4488b701-3324-4df5-94eb-28cd429c1b17",
            "582bcff5-5070-4f36-8912-a3efc1847d82",
            "030fd4c7-c93f-466b-aa90-0b4821d3fab9"
          ],
          "failures": [],
          "pending": [
            "b6567d81-6e84-4c63-96af-94c491299b57",
            "5b4d37c2-ad74-4af5-b1a0-2e86055e5a17"
          ],
          "skipped": [],
          "duration": 32467,
          "root": false,
          "rootEmpty": false,
          "_timeout": 2000
        }
      ],
      "passes": [],
      "failures": [],
      "pending": [],
      "skipped": [],
      "duration": 0,
      "root": true,
      "rootEmpty": true,
      "_timeout": 2000
    }
  ],
  "meta": {
    "mocha": {
      "version": "7.0.1"
    },
    "mochawesome": {
      "options": {
        "quiet": false,
        "reportFilename": "mochawesome",
        "saveHtml": true,
        "saveJson": true,
        "consoleReporter": "spec",
        "useInlineDiffs": false,
        "code": true
      },
      "version": "7.1.3"
    },
    "marge": {
      "options": {
        "id": "default",
        "reportDir": "cypress/reports/mocha",
        "charts": true,
        "reportPageTitle": "custom-title",
        "json": true,
        "html": true,
        "reportFileName": "report",
        "overwrite": false
      },
      "version": "6.2.0"
    }
  }
}