{
  "stats": {
    "suites": 1,
    "tests": 1,
    "passes": 1,
    "pending": 0,
    "failures": 0,
    "start": "2022-06-17T06:32:42.243Z",
    "end": "2022-06-17T06:32:49.264Z",
    "duration": 7021,
    "testsRegistered": 1,
    "passPercent": 100,
    "pendingPercent": 0,
    "other": 0,
    "hasOther": false,
    "skipped": 0,
    "hasSkipped": false
  },
  "results": [
    {
      "uuid": "6806c93a-45de-4896-aae9-c09ffbcc3713",
      "title": "",
      "fullFile": "cypress/e2e/apps/web-app/video_call_e2e.cy.js",
      "file": "cypress/e2e/apps/web-app/video_call_e2e.cy.js",
      "beforeHooks": [],
      "afterHooks": [],
      "tests": [],
      "suites": [
        {
          "uuid": "f9e29363-bd44-4cd9-be55-63a93c51bb54",
          "title": "E2E Booking - Video Call Appointments",
          "fullFile": "",
          "file": "",
          "beforeHooks": [],
          "afterHooks": [],
          "tests": [
            {
              "title": "Free Video Call",
              "fullTitle": "E2E Booking - Video Call Appointments Free Video Call",
              "timedOut": null,
              "duration": 6422,
              "state": "passed",
              "speed": "medium",
              "pass": true,
              "fail": false,
              "pending": false,
              "context": null,
              "code": "// HomePageTextValidations()",
              "err": {},
              "uuid": "d4225317-5df6-416f-90f8-d0f3fe40d21a",
              "parentUUID": "f9e29363-bd44-4cd9-be55-63a93c51bb54",
              "isHook": false,
              "skipped": false
            }
          ],
          "suites": [],
          "passes": [
            "d4225317-5df6-416f-90f8-d0f3fe40d21a"
          ],
          "failures": [],
          "pending": [],
          "skipped": [],
          "duration": 6422,
          "root": false,
          "rootEmpty": false,
          "_timeout": 2000
        }
      ],
      "passes": [],
      "failures": [],
      "pending": [],
      "skipped": [],
      "duration": 0,
      "root": true,
      "rootEmpty": true,
      "_timeout": 2000
    }
  ],
  "meta": {
    "mocha": {
      "version": "7.0.1"
    },
    "mochawesome": {
      "options": {
        "quiet": false,
        "reportFilename": "mochawesome",
        "saveHtml": true,
        "saveJson": true,
        "consoleReporter": "spec",
        "useInlineDiffs": false,
        "code": true
      },
      "version": "7.1.3"
    },
    "marge": {
      "options": {
        "id": "default",
        "reportDir": "cypress/reports/mocha",
        "charts": true,
        "reportPageTitle": "custom-title",
        "json": true,
        "html": true,
        "reportFileName": "report",
        "overwrite": false
      },
      "version": "6.2.0"
    }
  }
}