{
  "stats": {
    "suites": 1,
    "tests": 5,
    "passes": 4,
    "pending": 2,
    "failures": -1,
    "start": "2022-06-17T06:42:41.791Z",
    "end": "2022-06-17T06:43:12.797Z",
    "duration": 31006,
    "testsRegistered": 6,
    "passPercent": 100,
    "pendingPercent": 33.33333333333333,
    "other": 1,
    "hasOther": true,
    "skipped": 0,
    "hasSkipped": false
  },
  "results": [
    {
      "uuid": "7b828b7d-ef36-46d4-9302-126312d91f43",
      "title": "",
      "fullFile": "cypress/e2e/apps/web-app/login_tests.cy.js",
      "file": "cypress/e2e/apps/web-app/login_tests.cy.js",
      "beforeHooks": [],
      "afterHooks": [],
      "tests": [],
      "suites": [
        {
          "uuid": "536cd17c-db56-44c5-a4f2-1d232551a86c",
          "title": "Login Page test cases",
          "fullFile": "",
          "file": "",
          "beforeHooks": [],
          "afterHooks": [],
          "tests": [
            {
              "title": "BetterVet login - Negative",
              "fullTitle": "Login Page test cases BetterVet login - Negative",
              "timedOut": null,
              "duration": 14610,
              "state": "passed",
              "speed": "slow",
              "pass": true,
              "fail": false,
              "pending": false,
              "context": null,
              "code": "cy.log(\"SIGN UP PAGE\");\n(0, _sign_up_page.GoToLoginPage)();\ncy.log(\"LOGIN PAGE\");\n(0, _login_page.NegativeBetterVetLoginProcess)(data.user, data.password, data.expectedError);",
              "err": {},
              "uuid": "7f53e48c-50a7-481d-9f67-46032169aa62",
              "parentUUID": "536cd17c-db56-44c5-a4f2-1d232551a86c",
              "isHook": false,
              "skipped": false
            },
            {
              "title": "BetterVet login - Negative",
              "fullTitle": "Login Page test cases BetterVet login - Negative",
              "timedOut": null,
              "duration": 4888,
              "state": "passed",
              "speed": "fast",
              "pass": true,
              "fail": false,
              "pending": false,
              "context": null,
              "code": "cy.log(\"SIGN UP PAGE\");\n(0, _sign_up_page.GoToLoginPage)();\ncy.log(\"LOGIN PAGE\");\n(0, _login_page.NegativeBetterVetLoginProcess)(data.user, data.password, data.expectedError);",
              "err": {},
              "uuid": "5e3965e7-decf-4837-a6b5-6533af3e36e4",
              "parentUUID": "536cd17c-db56-44c5-a4f2-1d232551a86c",
              "isHook": false,
              "skipped": false
            },
            {
              "title": "BetterVet login - Negative",
              "fullTitle": "Login Page test cases BetterVet login - Negative",
              "timedOut": null,
              "duration": 4362,
              "state": "passed",
              "speed": "fast",
              "pass": true,
              "fail": false,
              "pending": false,
              "context": null,
              "code": "cy.log(\"SIGN UP PAGE\");\n(0, _sign_up_page.GoToLoginPage)();\ncy.log(\"LOGIN PAGE\");\n(0, _login_page.NegativeBetterVetLoginProcess)(data.user, data.password, data.expectedError);",
              "err": {},
              "uuid": "70e9338a-1773-43be-8b22-6e654b86c883",
              "parentUUID": "536cd17c-db56-44c5-a4f2-1d232551a86c",
              "isHook": false,
              "skipped": false
            },
            {
              "title": "BetterVet login - Positive",
              "fullTitle": "Login Page test cases BetterVet login - Positive",
              "timedOut": null,
              "duration": 6521,
              "state": "passed",
              "speed": "medium",
              "pass": true,
              "fail": false,
              "pending": false,
              "context": null,
              "code": "cy.log(\"SIGN UP PAGE\");\n(0, _sign_up_page.GoToLoginPage)();\ncy.log(\"LOGIN PAGE\");\n(0, _login_page.BetterVetLoginProcess)();\ncy.log(\"HOME PAGE\");\n(0, _home_page.HomePageTextValidations)();",
              "err": {},
              "uuid": "66711c35-d481-4f34-953a-67fd00b347f7",
              "parentUUID": "536cd17c-db56-44c5-a4f2-1d232551a86c",
              "isHook": false,
              "skipped": false
            },
            {
              "title": "Command login",
              "fullTitle": "Login Page test cases Command login",
              "timedOut": null,
              "duration": 0,
              "state": "pending",
              "speed": null,
              "pass": false,
              "fail": false,
              "pending": true,
              "context": null,
              "code": "",
              "err": {},
              "uuid": "9b87624a-8a9f-4bb2-a918-161f0c664282",
              "parentUUID": "536cd17c-db56-44c5-a4f2-1d232551a86c",
              "isHook": false,
              "skipped": false
            },
            {
              "title": "Google login - Positive",
              "fullTitle": "Login Page test cases Google login - Positive",
              "timedOut": null,
              "duration": 0,
              "state": "pending",
              "speed": null,
              "pass": false,
              "fail": false,
              "pending": true,
              "context": null,
              "code": "",
              "err": {},
              "uuid": "a988953d-f8a9-4e16-8f13-44076d10d158",
              "parentUUID": "536cd17c-db56-44c5-a4f2-1d232551a86c",
              "isHook": false,
              "skipped": false
            }
          ],
          "suites": [],
          "passes": [
            "7f53e48c-50a7-481d-9f67-46032169aa62",
            "5e3965e7-decf-4837-a6b5-6533af3e36e4",
            "70e9338a-1773-43be-8b22-6e654b86c883",
            "66711c35-d481-4f34-953a-67fd00b347f7"
          ],
          "failures": [],
          "pending": [
            "9b87624a-8a9f-4bb2-a918-161f0c664282",
            "a988953d-f8a9-4e16-8f13-44076d10d158"
          ],
          "skipped": [],
          "duration": 30381,
          "root": false,
          "rootEmpty": false,
          "_timeout": 2000
        }
      ],
      "passes": [],
      "failures": [],
      "pending": [],
      "skipped": [],
      "duration": 0,
      "root": true,
      "rootEmpty": true,
      "_timeout": 2000
    }
  ],
  "meta": {
    "mocha": {
      "version": "7.0.1"
    },
    "mochawesome": {
      "options": {
        "quiet": false,
        "reportFilename": "mochawesome",
        "saveHtml": true,
        "saveJson": true,
        "consoleReporter": "spec",
        "useInlineDiffs": false,
        "code": true
      },
      "version": "7.1.3"
    },
    "marge": {
      "options": {
        "id": "default",
        "reportDir": "cypress/reports/mocha",
        "charts": true,
        "reportPageTitle": "custom-title",
        "json": true,
        "html": true,
        "reportFileName": "report",
        "overwrite": false
      },
      "version": "6.2.0"
    }
  }
}