{
  "stats": {
    "suites": 1,
    "tests": 4,
    "passes": 4,
    "pending": 0,
    "failures": 0,
    "start": "2022-06-21T05:06:56.656Z",
    "end": "2022-06-21T05:07:27.775Z",
    "duration": 31119,
    "testsRegistered": 4,
    "passPercent": 100,
    "pendingPercent": 0,
    "other": 0,
    "hasOther": false,
    "skipped": 0,
    "hasSkipped": false
  },
  "results": [
    {
      "uuid": "f065df03-7b9f-4ee9-85eb-6ed75e72032d",
      "title": "",
      "fullFile": "cypress/e2e/apps/web-app/login_tests.cy.js",
      "file": "cypress/e2e/apps/web-app/login_tests.cy.js",
      "beforeHooks": [],
      "afterHooks": [],
      "tests": [],
      "suites": [
        {
          "uuid": "a2f4902d-e219-41ad-8a6f-54556a4c5c29",
          "title": "Login Page test cases",
          "fullFile": "",
          "file": "",
          "beforeHooks": [],
          "afterHooks": [],
          "tests": [
            {
              "title": "BetterVet login - Negative",
              "fullTitle": "Login Page test cases BetterVet login - Negative",
              "timedOut": null,
              "duration": 13861,
              "state": "passed",
              "speed": "slow",
              "pass": true,
              "fail": false,
              "pending": false,
              "context": "\"videos/login_tests.cy.js.mp4\"",
              "code": "cy.log(\"SIGN UP PAGE\");\n(0, _sign_up_page.GoToLoginPage)();\ncy.log(\"LOGIN PAGE\");\n(0, _login_page.NegativeBetterVetLoginProcess)(data.user, data.password, data.expectedError);",
              "err": {},
              "uuid": "585ef514-5bb5-4757-9f75-53cfe91669e3",
              "parentUUID": "a2f4902d-e219-41ad-8a6f-54556a4c5c29",
              "isHook": false,
              "skipped": false
            },
            {
              "title": "BetterVet login - Negative",
              "fullTitle": "Login Page test cases BetterVet login - Negative",
              "timedOut": null,
              "duration": 4352,
              "state": "passed",
              "speed": "fast",
              "pass": true,
              "fail": false,
              "pending": false,
              "context": "\"videos/login_tests.cy.js.mp4\"",
              "code": "cy.log(\"SIGN UP PAGE\");\n(0, _sign_up_page.GoToLoginPage)();\ncy.log(\"LOGIN PAGE\");\n(0, _login_page.NegativeBetterVetLoginProcess)(data.user, data.password, data.expectedError);",
              "err": {},
              "uuid": "2ad6ff1c-7619-418b-8f06-62b4425ceea5",
              "parentUUID": "a2f4902d-e219-41ad-8a6f-54556a4c5c29",
              "isHook": false,
              "skipped": false
            },
            {
              "title": "BetterVet login - Negative",
              "fullTitle": "Login Page test cases BetterVet login - Negative",
              "timedOut": null,
              "duration": 4703,
              "state": "passed",
              "speed": "fast",
              "pass": true,
              "fail": false,
              "pending": false,
              "context": "\"videos/login_tests.cy.js.mp4\"",
              "code": "cy.log(\"SIGN UP PAGE\");\n(0, _sign_up_page.GoToLoginPage)();\ncy.log(\"LOGIN PAGE\");\n(0, _login_page.NegativeBetterVetLoginProcess)(data.user, data.password, data.expectedError);",
              "err": {},
              "uuid": "ad043cf3-3b72-4cad-8f71-a281d251209f",
              "parentUUID": "a2f4902d-e219-41ad-8a6f-54556a4c5c29",
              "isHook": false,
              "skipped": false
            },
            {
              "title": "BetterVet login - Positive",
              "fullTitle": "Login Page test cases BetterVet login - Positive",
              "timedOut": null,
              "duration": 7812,
              "state": "passed",
              "speed": "medium",
              "pass": true,
              "fail": false,
              "pending": false,
              "context": "\"videos/login_tests.cy.js.mp4\"",
              "code": "cy.log(\"SIGN UP PAGE\");\n(0, _sign_up_page.GoToLoginPage)();\ncy.log(\"LOGIN PAGE\");\n(0, _login_page.BetterVetLoginProcess)();\ncy.log(\"HOME PAGE\");\n(0, _home_page.HomePageTextValidations)();",
              "err": {},
              "uuid": "dd220b95-7188-470b-8f08-632ff12782e6",
              "parentUUID": "a2f4902d-e219-41ad-8a6f-54556a4c5c29",
              "isHook": false,
              "skipped": false
            }
          ],
          "suites": [],
          "passes": [
            "585ef514-5bb5-4757-9f75-53cfe91669e3",
            "2ad6ff1c-7619-418b-8f06-62b4425ceea5",
            "ad043cf3-3b72-4cad-8f71-a281d251209f",
            "dd220b95-7188-470b-8f08-632ff12782e6"
          ],
          "failures": [],
          "pending": [],
          "skipped": [],
          "duration": 30728,
          "root": false,
          "rootEmpty": false,
          "_timeout": 2000
        }
      ],
      "passes": [],
      "failures": [],
      "pending": [],
      "skipped": [],
      "duration": 0,
      "root": true,
      "rootEmpty": true,
      "_timeout": 2000
    }
  ],
  "meta": {
    "mocha": {
      "version": "7.0.1"
    },
    "mochawesome": {
      "options": {
        "quiet": false,
        "reportFilename": "mochawesome",
        "saveHtml": false,
        "saveJson": true,
        "consoleReporter": "spec",
        "useInlineDiffs": false,
        "code": true
      },
      "version": "7.1.3"
    },
    "marge": {
      "options": {
        "overwrite": false,
        "html": false,
        "json": true
      },
      "version": "6.2.0"
    }
  }
}