{
  "stats": {
    "suites": 1,
    "tests": 1,
    "passes": 1,
    "pending": 0,
    "failures": 0,
    "start": "2022-06-21T05:07:42.174Z",
    "end": "2022-06-21T05:07:48.451Z",
    "duration": 6277,
    "testsRegistered": 1,
    "passPercent": 100,
    "pendingPercent": 0,
    "other": 0,
    "hasOther": false,
    "skipped": 0,
    "hasSkipped": false
  },
  "results": [
    {
      "uuid": "b1f2f2c0-4297-4868-bd03-e488ea34b570",
      "title": "",
      "fullFile": "cypress/e2e/apps/web-app/video_call_e2e.cy.js",
      "file": "cypress/e2e/apps/web-app/video_call_e2e.cy.js",
      "beforeHooks": [],
      "afterHooks": [],
      "tests": [],
      "suites": [
        {
          "uuid": "19d912f3-9d0c-4b40-91bc-b1838cd679c1",
          "title": "E2E Booking - Video Call Appointments",
          "fullFile": "",
          "file": "",
          "beforeHooks": [],
          "afterHooks": [],
          "tests": [
            {
              "title": "Free Video Call",
              "fullTitle": "E2E Booking - Video Call Appointments Free Video Call",
              "timedOut": null,
              "duration": 5867,
              "state": "passed",
              "speed": "medium",
              "pass": true,
              "fail": false,
              "pending": false,
              "context": "\"videos/video_call_e2e.cy.js.mp4\"",
              "code": "// HomePageTextValidations()",
              "err": {},
              "uuid": "dea74237-1409-4b7b-b3e8-4aa9c5844066",
              "parentUUID": "19d912f3-9d0c-4b40-91bc-b1838cd679c1",
              "isHook": false,
              "skipped": false
            }
          ],
          "suites": [],
          "passes": [
            "dea74237-1409-4b7b-b3e8-4aa9c5844066"
          ],
          "failures": [],
          "pending": [],
          "skipped": [],
          "duration": 5867,
          "root": false,
          "rootEmpty": false,
          "_timeout": 2000
        }
      ],
      "passes": [],
      "failures": [],
      "pending": [],
      "skipped": [],
      "duration": 0,
      "root": true,
      "rootEmpty": true,
      "_timeout": 2000
    }
  ],
  "meta": {
    "mocha": {
      "version": "7.0.1"
    },
    "mochawesome": {
      "options": {
        "quiet": false,
        "reportFilename": "mochawesome",
        "saveHtml": false,
        "saveJson": true,
        "consoleReporter": "spec",
        "useInlineDiffs": false,
        "code": true
      },
      "version": "7.1.3"
    },
    "marge": {
      "options": {
        "overwrite": false,
        "html": false,
        "json": true
      },
      "version": "6.2.0"
    }
  }
}